<?xml version="1.0" encoding="UTF-8"?>
<!-- Generated by org.testng.reporters.JUnitReportReporter -->
<testsuite hostname="MYDUYEN" failures="0" tests="2" name="testCICD.loginTest" time="3.369" errors="0" timestamp="2024-09-26T10:09:30 ICT" skipped="0">
  <testcase classname="testCICD.loginTest" name="testInvalidLogin" time="1.324"/>
  <system-out/>
  <testcase classname="testCICD.loginTest" name="testLogin" time="2.045"/>
  <system-out/>
</testsuite> <!-- testCICD.loginTest -->
